<?xml version="1.0" encoding="UTF-8"?>
<!-- Generated by org.testng.reporters.JUnitReportReporter -->
<testsuite hostname="Kavyaraj" failures="0" tests="1" name="test.Test2" time="0.002" errors="0" timestamp="2025-04-26T19:24:54 IST" skipped="0">
  <testcase classname="test.Test2" name="testMethod2" time="0.002"/>
</testsuite> <!-- test.Test2 -->
